<?xml version="1.0" encoding="UTF-8"?>
<coverage generated="1687185712313" clover="3.2.0">
  <project timestamp="1687185712313" name="All files">
    <metrics statements="5" coveredstatements="5" conditionals="0" coveredconditionals="0" methods="1" coveredmethods="1" elements="6" coveredelements="6" complexity="0" loc="5" ncloc="5" packages="1" files="1" classes="1"/>
    <file name="addNewListItem.js" path="/Users/rileymanda/Documents/dev/Microverse/Pair-Coding/yonas/To-Do-list/src/addNewListItem.js">
      <metrics statements="5" coveredstatements="5" conditionals="0" coveredconditionals="0" methods="1" coveredmethods="1"/>
      <line num="5" count="1" type="stmt"/>
      <line num="6" count="1" type="stmt"/>
      <line num="7" count="1" type="stmt"/>
      <line num="12" count="1" type="stmt"/>
      <line num="13" count="1" type="stmt"/>
    </file>
  </project>
</coverage>
