{"/Users/rileymanda/Documents/dev/Microverse/Pair-Coding/yonas/To-Do-list/src/addNewListItem.js": {"path":"/Users/rileymanda/Documents/dev/Microverse/Pair-Coding/yonas/To-Do-list/src/addNewListItem.js","statementMap":{"0":{"start":{"line":5,"column":23},"end":{"line":14,"column":1}},"1":{"start":{"line":6,"column":17},"end":{"line":6,"column":34}},"2":{"start":{"line":7,"column":2},"end":{"line":11,"column":5}},"3":{"start":{"line":12,"column":2},"end":{"line":12,"column":26}},"4":{"start":{"line":13,"column":2},"end":{"line":13,"column":19}}},"fnMap":{"0":{"name":"(anonymous_0)","decl":{"start":{"line":5,"column":23},"end":{"line":5,"column":24}},"loc":{"start":{"line":5,"column":36},"end":{"line":14,"column":1}},"line":5}},"branchMap":{},"s":{"0":1,"1":2,"2":2,"3":2,"4":2},"f":{"0":2},"b":{},"_coverageSchema":"1a1c01bbd47fc00a2c39e90264f33305004495a9","hash":"eead84f4aa267c25343b430682206d4834269b3d"}
}
