{"C:\\Users\\yonas\\OneDrive\\Documents\\software course\\Microverse\\Module 2\\To-Do-list\\src\\removeHandler.js": {"path":"C:\\Users\\yonas\\OneDrive\\Documents\\software course\\Microverse\\Module 2\\To-Do-list\\src\\removeHandler.js","statementMap":{"0":{"start":{"line":4,"column":22},"end":{"line":13,"column":1}},"1":{"start":{"line":5,"column":17},"end":{"line":5,"column":34}},"2":{"start":{"line":6,"column":18},"end":{"line":8,"column":54}},"3":{"start":{"line":7,"column":30},"end":{"line":7,"column":56}},"4":{"start":{"line":8,"column":30},"end":{"line":8,"column":53}},"5":{"start":{"line":9,"column":2},"end":{"line":11,"column":3}},"6":{"start":{"line":9,"column":15},"end":{"line":9,"column":16}},"7":{"start":{"line":10,"column":4},"end":{"line":10,"column":29}},"8":{"start":{"line":12,"column":2},"end":{"line":12,"column":27}}},"fnMap":{"0":{"name":"(anonymous_0)","decl":{"start":{"line":4,"column":22},"end":{"line":4,"column":23}},"loc":{"start":{"line":4,"column":39},"end":{"line":13,"column":1}},"line":4},"1":{"name":"(anonymous_1)","decl":{"start":{"line":7,"column":20},"end":{"line":7,"column":21}},"loc":{"start":{"line":7,"column":30},"end":{"line":7,"column":56}},"line":7},"2":{"name":"(anonymous_2)","decl":{"start":{"line":8,"column":20},"end":{"line":8,"column":21}},"loc":{"start":{"line":8,"column":30},"end":{"line":8,"column":53}},"line":8}},"branchMap":{"0":{"loc":{"start":{"line":6,"column":18},"end":{"line":8,"column":54}},"type":"cond-expr","locations":[{"start":{"line":7,"column":6},"end":{"line":7,"column":57}},{"start":{"line":8,"column":6},"end":{"line":8,"column":54}}],"line":6}},"s":{"0":1,"1":4,"2":4,"3":0,"4":0,"5":4,"6":4,"7":0,"8":4},"f":{"0":4,"1":0,"2":0},"b":{"0":[0,4]},"_coverageSchema":"1a1c01bbd47fc00a2c39e90264f33305004495a9","hash":"33549612b29df6c3f345aa8e30ea412b17c13260"}
}
